<?xml version="1.0" encoding="UTF-8"?>
<!-- Generated by org.testng.reporters.JUnitXMLReporter -->
<testsuite ignored="0" hostname="Mehedis-MacBook-Air.local" failures="0" tests="13" name="Default test" time="333.175" errors="0" timestamp="2024-09-18T14:06:56 BDT">
  <testcase classname="mooncat_basic_test.Currency_Converter_test" name="USD_to_CAD_Converter" time="73.951"/>
  <testcase classname="mooncat_basic_test.Currency_Converter_test" name="USD_to_GBP_Converter" time="76.339"/>
  <testcase classname="mooncat_basic_test.Currency_Converter_test" name="USD_to_EUR_Converter" time="18.078"/>
  <testcase classname="mooncat_basic_test.Currency_Converter_test" name="CAD_to_USD_Converter" time="16.942"/>
  <testcase classname="mooncat_basic_test.Currency_Converter_test" name="CAD_to_GBP_Converter" time="16.359"/>
  <testcase classname="mooncat_basic_test.Currency_Converter_test" name="CAD_to_EUR_Converter" time="16.311"/>
  <testcase classname="mooncat_basic_test.Currency_Converter_test" name="EUR_to_USD_Converter" time="16.644"/>
  <testcase classname="mooncat_basic_test.Currency_Converter_test" name="EUR_to_CAD_Converter" time="16.386"/>
  <testcase classname="mooncat_basic_test.Currency_Converter_test" name="EUR_to_GBP_Converter" time="17.339"/>
  <testcase classname="mooncat_basic_test.Currency_Converter_test" name="GBP_to_USD_Converter" time="18.603"/>
  <testcase classname="mooncat_basic_test.Currency_Converter_test" name="GBP_to_CAD_Converter" time="17.193"/>
  <testcase classname="mooncat_basic_test.Currency_Converter_test" name="GBP_to_EUR_Converter" time="16.441"/>
  <testcase classname="mooncat_basic_test.Currency_Converter_test" name="CurrencyConverterTestReport" time="0.001"/>
</testsuite> <!-- Default test -->
