<?xml version="1.0" encoding="UTF-8"?>
<!-- Generated by org.testng.reporters.JUnitXMLReporter -->
<testsuite ignored="0" hostname="Mehedis-MacBook-Air.local" failures="0" tests="2" name="Default test" time="191.412" errors="0" timestamp="2024-09-18T11:54:23 BDT">
  <testcase classname="mooncat_basic_test.Currency_Converter_test" name="USD_to_CAD_Converter" time="61.448"/>
  <testcase classname="mooncat_basic_test.Currency_Converter_test" name="USD_to_GBP_Converter" time="86.708"/>
</testsuite> <!-- Default test -->
