<?xml version="1.0" encoding="UTF-8"?>
<testng-results ignored="0" total="1" passed="1" failed="0" skipped="0">
  <reporter-output>
  </reporter-output>
  <suite started-at="2024-09-03T01:03:37 BDT" name="Default suite" finished-at="2024-09-03T01:05:41 BDT" duration-ms="124701">
    <groups>
    </groups>
    <test started-at="2024-09-03T01:03:37 BDT" name="Default test" finished-at="2024-09-03T01:05:41 BDT" duration-ms="124701">
      <class name="mooncat_basic_test.AddToCart">
        <test-method is-config="true" signature="Setup()[pri:0, instance:mooncat_basic_test.AddToCart@2e005c4b]" started-at="2024-09-03T01:03:37 BDT" name="Setup" finished-at="2024-09-03T01:03:45 BDT" duration-ms="8284" status="PASS">
          <reporter-output>
          </reporter-output>
        </test-method> <!-- Setup -->
        <test-method signature="CheckAddToCartButton()[pri:0, instance:mooncat_basic_test.AddToCart@2e005c4b]" started-at="2024-09-03T01:03:45 BDT" name="CheckAddToCartButton" finished-at="2024-09-03T01:05:31 BDT" duration-ms="106173" status="PASS">
          <reporter-output>
          </reporter-output>
        </test-method> <!-- CheckAddToCartButton -->
        <test-method is-config="true" signature="TearDown()[pri:0, instance:mooncat_basic_test.AddToCart@2e005c4b]" started-at="2024-09-03T01:05:31 BDT" name="TearDown" finished-at="2024-09-03T01:05:41 BDT" duration-ms="10209" status="PASS">
          <reporter-output>
          </reporter-output>
        </test-method> <!-- TearDown -->
      </class> <!-- mooncat_basic_test.AddToCart -->
    </test> <!-- Default test -->
  </suite> <!-- Default suite -->
</testng-results>
